


ARM Macro Assembler    Page 1 


    1 00000000                 AREA             RESET, DATA, READONLY
    2 00000000                 EXPORT           __Vectors
    3 00000000         
    4 00000000         __Vectors
    5 00000000 10001000        DCD              0X10001000
    6 00000004 00000000        DCD              Reset_Handler
    7 00000008                 ALIGN
    8 00000008                 AREA             mycode, CODE, READONLY
    9 00000000                 ENTRY
   10 00000000                 EXPORT           Reset_Handler
   11 00000000         
   12 00000000         Reset_Handler
   13 00000000 4807            LDR              R0, =SRC
   14 00000002 F04F 0505       MOV              R5, #5
   15 00000006 F100 0224       ADD              R2, R0, #36 ;point to the last 
                                                            location
   16 0000000A 6801    UP      LDR              R1, [R0]
   17 0000000C 6813            LDR              R3, [R2]
   18 0000000E 6011            STR              R1, [R2]
   19 00000010 6003            STR              R3, [R0]
   20 00000012 F100 0004       ADD              R0, R0, #4
   21 00000016 F2A2 0204       ADD              R2, R2, #-4
   22 0000001A 1E6D            SUBS             R5, R5, #1
   23 0000001C D1F5            BNE              UP
   24 0000001E         STOP
   25 0000001E E7FE            B                STOP
   26 00000020         
   27 00000020 00000000        AREA             mydata, DATA, READWRITE
   28 00000000 00000001 
              00000002 
              00000003 
              00000004 
              00000005 
              00000006 
              00000007 
              00000008 
              00000009 
              0000000A SRC     DCD              1,2,3,4,5,6,7,8,9,10
   29 00000028                 END
Command Line: --debug --xref --cpu=Cortex-M3 --apcs=interwork --depend=.\lab1q4
.d -o.\lab1q4.o -IC:\Keil\ARM\RV31\INC -IC:\Keil\ARM\CMSIS\Include -IC:\Keil\AR
M\Inc\NXP\LPC17xx --predefine="__EVAL SETA 1" --list=.\lab1q4.lst LAB1Q4.S



ARM Macro Assembler    Page 1 Alphabetic symbol ordering
Relocatable symbols

RESET 00000000

Symbol: RESET
   Definitions
      At line 1 in file LAB1Q4.S
   Uses
      None
Comment: RESET unused
__Vectors 00000000

Symbol: __Vectors
   Definitions
      At line 4 in file LAB1Q4.S
   Uses
      At line 2 in file LAB1Q4.S
Comment: __Vectors used once
2 symbols



ARM Macro Assembler    Page 1 Alphabetic symbol ordering
Relocatable symbols

Reset_Handler 00000000

Symbol: Reset_Handler
   Definitions
      At line 12 in file LAB1Q4.S
   Uses
      At line 6 in file LAB1Q4.S
      At line 10 in file LAB1Q4.S

STOP 0000001E

Symbol: STOP
   Definitions
      At line 24 in file LAB1Q4.S
   Uses
      At line 25 in file LAB1Q4.S
Comment: STOP used once
UP 0000000A

Symbol: UP
   Definitions
      At line 16 in file LAB1Q4.S
   Uses
      At line 23 in file LAB1Q4.S
Comment: UP used once
mycode 00000000

Symbol: mycode
   Definitions
      At line 8 in file LAB1Q4.S
   Uses
      None
Comment: mycode unused
4 symbols



ARM Macro Assembler    Page 1 Alphabetic symbol ordering
Relocatable symbols

SRC 00000000

Symbol: SRC
   Definitions
      At line 28 in file LAB1Q4.S
   Uses
      At line 13 in file LAB1Q4.S
Comment: SRC used once
mydata 00000000

Symbol: mydata
   Definitions
      At line 27 in file LAB1Q4.S
   Uses
      None
Comment: mydata unused
2 symbols
341 symbols in table
