


ARM Macro Assembler    Page 1 


    1 00000000                 AREA             RESET, DATA, READONLY
    2 00000000                 EXPORT           __Vectors
    3 00000000         
    4 00000000         __Vectors
    5 00000000 10001000        DCD              0X10001000
    6 00000004 00000000        DCD              Reset_Handler
    7 00000008                 ALIGN
    8 00000008                 AREA             mycode, CODE, READONLY
    9 00000000                 ENTRY
   10 00000000                 EXPORT           Reset_Handler
   11 00000000         Reset_Handler
   12 00000000 4802            LDR              R0, =SRC
   13 00000002 6801            LDR              R1, [R0]
   14 00000004         STOP
   15 00000004 E7FE            B                STOP
   16 00000006 00 00 00000008 
                       SRC     DCD              8
   17 0000000C                 END
              00000000 
Command Line: --debug --xref --cpu=Cortex-M3 --apcs=interwork --depend=.\lab1q1
.d -o.\lab1q1.o -IC:\Keil\ARM\RV31\INC -IC:\Keil\ARM\CMSIS\Include -IC:\Keil\AR
M\Inc\NXP\LPC17xx --predefine="__EVAL SETA 1" --list=.\lab1q1.lst lab1q1.s



ARM Macro Assembler    Page 1 Alphabetic symbol ordering
Relocatable symbols

RESET 00000000

Symbol: RESET
   Definitions
      At line 1 in file lab1q1.s
   Uses
      None
Comment: RESET unused
__Vectors 00000000

Symbol: __Vectors
   Definitions
      At line 4 in file lab1q1.s
   Uses
      At line 2 in file lab1q1.s
Comment: __Vectors used once
2 symbols



ARM Macro Assembler    Page 1 Alphabetic symbol ordering
Relocatable symbols

Reset_Handler 00000000

Symbol: Reset_Handler
   Definitions
      At line 11 in file lab1q1.s
   Uses
      At line 6 in file lab1q1.s
      At line 10 in file lab1q1.s

SRC 00000008

Symbol: SRC
   Definitions
      At line 16 in file lab1q1.s
   Uses
      At line 12 in file lab1q1.s
Comment: SRC used once
STOP 00000004

Symbol: STOP
   Definitions
      At line 14 in file lab1q1.s
   Uses
      At line 15 in file lab1q1.s
Comment: STOP used once
mycode 00000000

Symbol: mycode
   Definitions
      At line 8 in file lab1q1.s
   Uses
      None
Comment: mycode unused
4 symbols
339 symbols in table
