


ARM Macro Assembler    Page 1 


    1 00000000                 AREA             RESET, DATA, READONLY
    2 00000000                 EXPORT           __Vectors
    3 00000000         
    4 00000000         __Vectors
    5 00000000 10001000        DCD              0X10001000
    6 00000004 00000000        DCD              Reset_Handler
    7 00000008                 ALIGN
    8 00000008                 AREA             mycode, CODE, READONLY
    9 00000000                 ENTRY
   10 00000000                 EXPORT           Reset_Handler
   11 00000000         Reset_Handler
   12 00000000 4803            LDR              R0, =SRC
   13 00000002 4904            LDR              R1, =DST
   14 00000004 6802            LDR              R2, [R0]
   15 00000006 600A            STR              R2, [R1]
   16 00000008         STOP
   17 00000008 E7FE            B                STOP
   18 0000000A 00 00 167843AF 
                       SRC     DCD              0X167843AF
   19 00000010 00000000 
              00000000         AREA             mydata, DATA, READWRITE
   20 00000000 00000000 
                       DST     DCD              0
   21 00000004                 END
Command Line: --debug --xref --cpu=Cortex-M3 --apcs=interwork --depend=.\lab1q2
.d -o.\lab1q2.o -IC:\Keil\ARM\RV31\INC -IC:\Keil\ARM\CMSIS\Include -IC:\Keil\AR
M\Inc\NXP\LPC17xx --predefine="__EVAL SETA 1" --list=.\lab1q2.lst lab1q2.s



ARM Macro Assembler    Page 1 Alphabetic symbol ordering
Relocatable symbols

RESET 00000000

Symbol: RESET
   Definitions
      At line 1 in file lab1q2.s
   Uses
      None
Comment: RESET unused
__Vectors 00000000

Symbol: __Vectors
   Definitions
      At line 4 in file lab1q2.s
   Uses
      At line 2 in file lab1q2.s
Comment: __Vectors used once
2 symbols



ARM Macro Assembler    Page 1 Alphabetic symbol ordering
Relocatable symbols

Reset_Handler 00000000

Symbol: Reset_Handler
   Definitions
      At line 11 in file lab1q2.s
   Uses
      At line 6 in file lab1q2.s
      At line 10 in file lab1q2.s

SRC 0000000C

Symbol: SRC
   Definitions
      At line 18 in file lab1q2.s
   Uses
      At line 12 in file lab1q2.s
Comment: SRC used once
STOP 00000008

Symbol: STOP
   Definitions
      At line 16 in file lab1q2.s
   Uses
      At line 17 in file lab1q2.s
Comment: STOP used once
mycode 00000000

Symbol: mycode
   Definitions
      At line 8 in file lab1q2.s
   Uses
      None
Comment: mycode unused
4 symbols



ARM Macro Assembler    Page 1 Alphabetic symbol ordering
Relocatable symbols

DST 00000000

Symbol: DST
   Definitions
      At line 20 in file lab1q2.s
   Uses
      At line 13 in file lab1q2.s
Comment: DST used once
mydata 00000000

Symbol: mydata
   Definitions
      At line 19 in file lab1q2.s
   Uses
      None
Comment: mydata unused
2 symbols
341 symbols in table
